# JRE version: OpenJDK Runtime Environment Temurin-18.0.1+10 (18.0.1+10) (build 18.0.1+10)
# Java VM: OpenJDK 64-Bit Server VM Temurin-18.0.1+10 (18.0.1+10, mixed mode, emulated-client, tiered, compressed oops, compressed class ptrs, g1 gc, bsd-amd64)
GC Precious Log:
 CardTable entry size: 512
 Card Set container configuration: InlinePtr #cards 4 size 8 Array Of Cards #cards 16 size 48 Howl #buckets 8 coarsen threshold 3686 Howl Bitmap #cards 512 size 80 coarsen threshold 460 Card regions per heap region 1 cards per card region 4096
 CPUs: 8 total, 8 available
 Memory: 16384M
 Large Page Support: Disabled
 NUMA Support: Disabled
 Compressed Oops: Enabled (Zero based)
 Heap Region Size: 2M
 Heap Min Capacity: 8M
 Heap Initial Capacity: 256M
 Heap Max Capacity: 4G
 Pre-touch: Disabled
 Parallel Workers: 8
 Concurrent Workers: 2
 Concurrent Refinement Workers: 8
 Periodic GC: Disabled
Heap:
 garbage-first heap   total 75776K, used 57609K [0x0000000700000000, 0x0000000800000000)
  region size 2048K, 15 young (30720K), 1 survivors (2048K)
 Metaspace       used 74435K, committed 80192K, reserved 1179648K
  class space    used 9790K, committed 12224K, reserved 1048576K
GC Heap History (20 events):
Event: 74989.359 GC heap after
{Heap after GC invocations=1764 (full 98):
 garbage-first heap   total 75776K, used 25214K [0x0000000700000000, 0x0000000800000000)
  region size 2048K, 2 young (4096K), 2 survivors (4096K)
 Metaspace       used 74043K, committed 80192K, reserved 1179648K
  class space    used 9747K, committed 12224K, reserved 1048576K
}
Event: 74989.741 GC heap before
{Heap before GC invocations=1764 (full 98):
 garbage-first heap   total 75776K, used 55934K [0x0000000700000000, 0x0000000800000000)
  region size 2048K, 17 young (34816K), 2 survivors (4096K)
 Metaspace       used 74380K, committed 80192K, reserved 1179648K
  class space    used 9785K, committed 12224K, reserved 1048576K
}
Event: 74989.745 GC heap after
{Heap after GC invocations=1765 (full 98):
 garbage-first heap   total 75776K, used 28085K [0x0000000700000000, 0x0000000800000000)
  region size 2048K, 2 young (4096K), 2 survivors (4096K)
 Metaspace       used 74380K, committed 80192K, reserved 1179648K
  class space    used 9785K, committed 12224K, reserved 1048576K
}
Event: 75003.029 GC heap before
{Heap before GC invocations=1765 (full 98):
 garbage-first heap   total 75776K, used 54709K [0x0000000700000000, 0x0000000800000000)
  region size 2048K, 15 young (30720K), 2 survivors (4096K)
 Metaspace       used 74517K, committed 80192K, reserved 1179648K
  class space    used 9808K, committed 12224K, reserved 1048576K
}
Event: 75003.036 GC heap after
{Heap after GC invocations=1766 (full 98):
 garbage-first heap   total 75776K, used 30440K [0x0000000700000000, 0x0000000800000000)
  region size 2048K, 2 young (4096K), 2 survivors (4096K)
 Metaspace       used 74517K, committed 80192K, reserved 1179648K
  class space    used 9808K, committed 12224K, reserved 1048576K
}
Event: 75039.492 GC heap before
{Heap before GC invocations=1766 (full 98):
 garbage-first heap   total 75776K, used 55016K [0x0000000700000000, 0x0000000800000000)
  region size 2048K, 14 young (28672K), 2 survivors (4096K)
 Metaspace       used 74517K, committed 80192K, reserved 1179648K
  class space    used 9808K, committed 12224K, reserved 1048576K
}
Event: 75039.498 GC heap after
{Heap after GC invocations=1767 (full 98):
 garbage-first heap   total 75776K, used 30799K [0x0000000700000000, 0x0000000800000000)
  region size 2048K, 1 young (2048K), 1 survivors (2048K)
 Metaspace       used 74517K, committed 80192K, reserved 1179648K
  class space    used 9808K, committed 12224K, reserved 1048576K
}
Event: 75075.933 GC heap before
{Heap before GC invocations=1767 (full 98):
 garbage-first heap   total 75776K, used 55375K [0x0000000700000000, 0x0000000800000000)
  region size 2048K, 13 young (26624K), 1 survivors (2048K)
 Metaspace       used 74517K, committed 80192K, reserved 1179648K
  class space    used 9808K, committed 12224K, reserved 1048576K
}
Event: 75075.937 GC heap after
{Heap after GC invocations=1768 (full 98):
 garbage-first heap   total 75776K, used 30436K [0x0000000700000000, 0x0000000800000000)
  region size 2048K, 1 young (2048K), 1 survivors (2048K)
 Metaspace       used 74517K, committed 80192K, reserved 1179648K
  class space    used 9808K, committed 12224K, reserved 1048576K
}
Event: 75091.620 GC heap before
{Heap before GC invocations=1768 (full 98):
 garbage-first heap   total 75776K, used 42724K [0x0000000700000000, 0x0000000800000000)
  region size 2048K, 8 young (16384K), 1 survivors (2048K)
 Metaspace       used 74525K, committed 80192K, reserved 1179648K
  class space    used 9809K, committed 12224K, reserved 1048576K
}
Event: 75091.851 GC heap after
{Heap after GC invocations=1769 (full 99):
 garbage-first heap   total 75776K, used 22058K [0x0000000700000000, 0x0000000800000000)
  region size 2048K, 0 young (0K), 0 survivors (0K)
 Metaspace       used 73821K, committed 80192K, reserved 1179648K
  class space    used 9704K, committed 12224K, reserved 1048576K
}
Event: 75092.866 GC heap before
{Heap before GC invocations=1769 (full 99):
 garbage-first heap   total 75776K, used 56874K [0x0000000700000000, 0x0000000800000000)
  region size 2048K, 18 young (36864K), 0 survivors (0K)
 Metaspace       used 74035K, committed 80192K, reserved 1179648K
  class space    used 9745K, committed 12224K, reserved 1048576K
}
Event: 75092.869 GC heap after
{Heap after GC invocations=1770 (full 99):
 garbage-first heap   total 75776K, used 25667K [0x0000000700000000, 0x0000000800000000)
  region size 2048K, 2 young (4096K), 2 survivors (4096K)
 Metaspace       used 74035K, committed 80192K, reserved 1179648K
  class space    used 9745K, committed 12224K, reserved 1048576K
}
Event: 75093.345 GC heap before
{Heap before GC invocations=1770 (full 99):
 garbage-first heap   total 75776K, used 56387K [0x0000000700000000, 0x0000000800000000)
  region size 2048K, 17 young (34816K), 2 survivors (4096K)
 Metaspace       used 74427K, committed 80192K, reserved 1179648K
  class space    used 9789K, committed 12224K, reserved 1048576K
}
Event: 75093.350 GC heap after
{Heap after GC invocations=1771 (full 99):
 garbage-first heap   total 75776K, used 28852K [0x0000000700000000, 0x0000000800000000)
  region size 2048K, 2 young (4096K), 2 survivors (4096K)
 Metaspace       used 74427K, committed 80192K, reserved 1179648K
  class space    used 9789K, committed 12224K, reserved 1048576K
}
Event: 75136.503 GC heap before
{Heap before GC invocations=1771 (full 99):
 garbage-first heap   total 75776K, used 55476K [0x0000000700000000, 0x0000000800000000)
  region size 2048K, 15 young (30720K), 2 survivors (4096K)
 Metaspace       used 74431K, committed 80192K, reserved 1179648K
  class space    used 9790K, committed 12224K, reserved 1048576K
}
Event: 75136.507 GC heap after
{Heap after GC invocations=1772 (full 99):
 garbage-first heap   total 75776K, used 29358K [0x0000000700000000, 0x0000000800000000)
  region size 2048K, 1 young (2048K), 1 survivors (2048K)
 Metaspace       used 74431K, committed 80192K, reserved 1179648K
  class space    used 9790K, committed 12224K, reserved 1048576K
}
Event: 75180.045 GC heap before
{Heap before GC invocations=1772 (full 99):
 garbage-first heap   total 75776K, used 55982K [0x0000000700000000, 0x0000000800000000)
  region size 2048K, 14 young (28672K), 1 survivors (2048K)
 Metaspace       used 74431K, committed 80192K, reserved 1179648K
  class space    used 9790K, committed 12224K, reserved 1048576K
}
Event: 75180.047 GC heap after
{Heap after GC invocations=1773 (full 99):
 garbage-first heap   total 75776K, used 28937K [0x0000000700000000, 0x0000000800000000)
  region size 2048K, 1 young (2048K), 1 survivors (2048K)
 Metaspace       used 74431K, committed 80192K, reserved 1179648K
  class space    used 9790K, committed 12224K, reserved 1048576K
}
Event: 75226.021 GC heap before
{Heap before GC invocations=1773 (full 99):
 garbage-first heap   total 75776K, used 57609K [0x0000000700000000, 0x0000000800000000)
  region size 2048K, 15 young (30720K), 1 survivors (2048K)
 Metaspace       used 74435K, committed 80192K, reserved 1179648K
  class space    used 9790K, committed 12224K, reserved 1048576K
}

